<?xml version="1.0" encoding="UTF-8"?>
<!-- Generated by org.testng.reporters.JUnitReportReporter -->
<testsuite skipped="0" hostname="Nithya" name="org.iit.mmp.patientmodule.tests.ViewHistoryTests" tests="1" failures="0" timestamp="22 Jun 2020 13:59:17 GMT" time="26.815" errors="0">
  <testcase name="viewHistory" time="26.815" classname="org.iit.mmp.patientmodule.tests.ViewHistoryTests"/>
</testsuite> <!-- org.iit.mmp.patientmodule.tests.ViewHistoryTests -->
