<?xml version="1.0" encoding="UTF-8"?>
<!-- Generated by org.testng.reporters.JUnitReportReporter -->
<testsuite skipped="0" hostname="Nithya" name="org.iit.mmp.patientmodule.tests.UpdateProfileTests" tests="2" failures="0" timestamp="22 Jun 2020 12:29:34 GMT" time="71.507" errors="0">
  <testcase name="UpdatePatientPofile" time="36.242" classname="org.iit.mmp.patientmodule.tests.UpdateProfileTests"/>
  <testcase name="UpdatePatientPofile" time="35.265" classname="org.iit.mmp.patientmodule.tests.UpdateProfileTests"/>
</testsuite> <!-- org.iit.mmp.patientmodule.tests.UpdateProfileTests -->
