<?xml version="1.0" encoding="UTF-8"?>
<!-- Generated by org.testng.reporters.JUnitReportReporter -->
<testsuite skipped="0" hostname="Nithya" name="org.iit.mmp.patientmodule.tests.RegistrationPatientTests" tests="1" failures="0" timestamp="18 Jun 2020 19:53:34 GMT" time="18.781" errors="0">
  <testcase name="validateRegistration" time="18.781" classname="org.iit.mmp.patientmodule.tests.RegistrationPatientTests"/>
</testsuite> <!-- org.iit.mmp.patientmodule.tests.RegistrationPatientTests -->
