<?xml version="1.0" encoding="UTF-8"?>
<!-- Generated by org.testng.reporters.JUnitReportReporter -->
<testsuite skipped="0" hostname="Nithya" name="com.qa.iit.classAssignments.ConnectionCheck" tests="1" failures="0" timestamp="02 Aug 2020 19:55:59 GMT" time="9.621" errors="0">
  <testcase name="openWebApp" time="9.621" classname="com.qa.iit.classAssignments.ConnectionCheck"/>
</testsuite> <!-- com.qa.iit.classAssignments.ConnectionCheck -->
