<?xml version="1.0" encoding="UTF-8"?>
<!-- Generated by org.testng.reporters.JUnitReportReporter -->
<testsuite skipped="0" hostname="Nithya" name="org.iit.mmp.patientmodule.tests.ScheduleAppointmentTests" tests="1" failures="0" timestamp="22 Jun 2020 14:53:10 GMT" time="49.267" errors="0">
  <testcase name="validateAppointmentDetails" time="49.267" classname="org.iit.mmp.patientmodule.tests.ScheduleAppointmentTests"/>
</testsuite> <!-- org.iit.mmp.patientmodule.tests.ScheduleAppointmentTests -->
