<?xml version="1.0" encoding="UTF-8"?>
<!-- Generated by org.testng.reporters.JUnitReportReporter -->
<testsuite skipped="0" hostname="Nithya" name="org.iit.mmp.patientmodule.tests.ViewReportPatientTest" tests="1" failures="0" timestamp="22 Jun 2020 13:54:32 GMT" time="112.150" errors="0">
  <testcase name="patientView" time="112.150" classname="org.iit.mmp.patientmodule.tests.ViewReportPatientTest"/>
</testsuite> <!-- org.iit.mmp.patientmodule.tests.ViewReportPatientTest -->
