<?xml version="1.0" encoding="UTF-8"?>
<!-- Generated by org.testng.reporters.JUnitReportReporter -->
<testsuite skipped="0" hostname="Nithya" name="org.iit.mmp.patientmodule.tests.SearchSymptomsTests" tests="9" failures="0" timestamp="19 Jun 2020 21:30:19 GMT" time="40.393" errors="0">
  <testcase name="SearchSymptoms" time="0.402" classname="org.iit.mmp.patientmodule.tests.SearchSymptomsTests"/>
  <testcase name="SearchSymptoms" time="0.216" classname="org.iit.mmp.patientmodule.tests.SearchSymptomsTests"/>
  <testcase name="SearchSymptoms" time="0.197" classname="org.iit.mmp.patientmodule.tests.SearchSymptomsTests"/>
  <testcase name="LoginTest" time="18.147" classname="org.iit.mmp.patientmodule.tests.SearchSymptomsTests"/>
  <testcase name="SearchSymptoms" time="0.278" classname="org.iit.mmp.patientmodule.tests.SearchSymptomsTests"/>
  <testcase name="SearchSymptoms" time="0.228" classname="org.iit.mmp.patientmodule.tests.SearchSymptomsTests"/>
  <testcase name="SearchSymptoms" time="0.428" classname="org.iit.mmp.patientmodule.tests.SearchSymptomsTests"/>
  <testcase name="SearchSymptoms" time="10.258" classname="org.iit.mmp.patientmodule.tests.SearchSymptomsTests"/>
  <testcase name="SearchSymptoms" time="10.239" classname="org.iit.mmp.patientmodule.tests.SearchSymptomsTests"/>
</testsuite> <!-- org.iit.mmp.patientmodule.tests.SearchSymptomsTests -->
