<?xml version="1.0" encoding="UTF-8"?>
<!-- Generated by org.testng.reporters.JUnitReportReporter -->
<testsuite skipped="0" hostname="Nithya" name="org.iit.mmp.patientmodule.tests.PayFeesTests" tests="1" failures="0" timestamp="22 Jun 2020 12:09:22 GMT" time="55.699" errors="0">
  <testcase name="validatePayFeesTests" time="55.699" classname="org.iit.mmp.patientmodule.tests.PayFeesTests"/>
</testsuite> <!-- org.iit.mmp.patientmodule.tests.PayFeesTests -->
