<?xml version="1.0" encoding="UTF-8"?>
<!-- Generated by org.testng.reporters.JUnitReportReporter -->
<testsuite skipped="0" hostname="Nithya" name="org.iit.mmp.patientmodule.tests.ViewInformationTests" tests="1" failures="0" timestamp="18 Jun 2020 19:54:19 GMT" time="22.424" errors="0">
  <testcase name="validateInformationMsg" time="22.424" classname="org.iit.mmp.patientmodule.tests.ViewInformationTests"/>
</testsuite> <!-- org.iit.mmp.patientmodule.tests.ViewInformationTests -->
