<?xml version="1.0" encoding="UTF-8"?>
<!-- Generated by org.testng.reporters.JUnitReportReporter -->
<testsuite skipped="0" hostname="Nithya" name="com.qa.iit.classAssignments.MMPSQLConnection" tests="1" failures="0" timestamp="16 Jun 2020 00:48:20 GMT" time="0.410" errors="0">
  <testcase name="SQLConnection" time="0.410" classname="com.qa.iit.classAssignments.MMPSQLConnection"/>
</testsuite> <!-- com.qa.iit.classAssignments.MMPSQLConnection -->
