<?xml version="1.0" encoding="UTF-8"?>
<!-- Generated by org.testng.reporters.JUnitReportReporter -->
<testsuite skipped="0" hostname="Nithya" name="org.iit.mmp.patientmodule.tests.SendMessagesTests" tests="1" failures="0" timestamp="22 Jun 2020 15:19:24 GMT" time="45.500" errors="0">
  <testcase name="sendMessage" time="45.500" classname="org.iit.mmp.patientmodule.tests.SendMessagesTests"/>
</testsuite> <!-- org.iit.mmp.patientmodule.tests.SendMessagesTests -->
