<?xml version="1.0" encoding="UTF-8"?>
<!-- Generated by org.testng.reporters.JUnitReportReporter -->
<testsuite skipped="0" hostname="Nithya" name="MRSDeleteServiceType" tests="1" failures="0" timestamp="27 Apr 2020 20:57:19 GMT" time="14.523" errors="0">
  <testcase name="CheckAvailability" time="14.523" classname="MRSDeleteServiceType"/>
</testsuite> <!-- MRSDeleteServiceType -->
