<?xml version="1.0" encoding="UTF-8"?>
<!-- Generated by org.testng.reporters.JUnitReportReporter -->
<testsuite skipped="0" hostname="Nithya" name="org.iit.mmp.patientmodule.tests.LoginPatientTests" tests="1" failures="0" timestamp="19 Aug 2020 20:04:03 GMT" time="43.210" errors="0">
  <testcase name="Login" time="43.210" classname="org.iit.mmp.patientmodule.tests.LoginPatientTests"/>
</testsuite> <!-- org.iit.mmp.patientmodule.tests.LoginPatientTests -->
