<?xml version="1.0" encoding="UTF-8"?>
<!-- Generated by org.testng.reporters.JUnitReportReporter -->
<testsuite skipped="0" hostname="Nithya" name="ConnectionCheck" tests="1" failures="0" timestamp="26 Apr 2020 01:05:23 GMT" time="23.507" errors="0">
  <testcase name="openWebApp" time="23.507" classname="ConnectionCheck"/>
</testsuite> <!-- ConnectionCheck -->
