<?xml version="1.0" encoding="UTF-8"?>
<!-- Generated by org.testng.reporters.JUnitReportReporter -->
<testsuite skipped="0" hostname="Nithya" name="org.iit.mmp.patientmodule.tests.ViewReportsEndToEndTest" tests="1" failures="0" timestamp="19 Jun 2020 22:01:32 GMT" time="80.176" errors="0">
  <testcase name="ValidateReport" time="80.176" classname="org.iit.mmp.patientmodule.tests.ViewReportsEndToEndTest"/>
</testsuite> <!-- org.iit.mmp.patientmodule.tests.ViewReportsEndToEndTest -->
