<?xml version="1.0" encoding="UTF-8"?>
<!-- Generated by org.testng.reporters.JUnitReportReporter -->
<testsuite skipped="0" hostname="Nithya" name="org.iit.mmp.adminmodule.tests.LoginAdminTests" tests="1" failures="0" timestamp="20 May 2020 22:14:37 GMT" time="18.614" errors="0">
  <testcase name="loginAdminTest" time="18.614" classname="org.iit.mmp.adminmodule.tests.LoginAdminTests"/>
</testsuite> <!-- org.iit.mmp.adminmodule.tests.LoginAdminTests -->
